Using pre-set license
Built from '2020.2/release' branch; Version is '2020.2.0f1 (3721df5a8b28) revision 3613151'; Using compiler version '192528614'; Build Type 'Release'
OS: 'Windows 10  (10.0.0) 64bit' Language: 'en' Physical Memory: 32722 MB
BatchMode: 1, IsHumanControllingUs: 0, StartBugReporterOnCrash: 0, Is64bit: 1, IsPro: 0

 COMMAND LINE ARGUMENTS:
D:\Programs\Unity\2020.2.0f1\Editor\Unity.exe
-adb2
-batchMode
-noUpm
-name
AssetImportWorker0
-projectPath
D:/UnityRepos/GTA-COP/GTA-COP
-logFile
Logs/AssetImportWorker0.log
-srvPort
56579
Successfully changed project path to: D:/UnityRepos/GTA-COP/GTA-COP
D:/UnityRepos/GTA-COP/GTA-COP
Using Asset Import Pipeline V2.
Refreshing native plugins compatible for Editor in 25.37 ms, found 0 plugins.
Preloading 0 native plugins for Editor in 0.00 ms.
Initialize engine version: 2020.2.0f1 (3721df5a8b28)
[Subsystems] Discovering subsystems at path D:/Programs/Unity/2020.2.0f1/Editor/Data/Resources/UnitySubsystems
[Subsystems] Discovering subsystems at path D:/UnityRepos/GTA-COP/GTA-COP/Assets
GfxDevice: creating device client; threaded=0
Direct3D:
    Version:  Direct3D 11.0 [level 11.1]
    Renderer: NVIDIA GeForce GTX 1080 Ti (ID=0x1b06)
    Vendor:   
    VRAM:     11127 MB
    Driver:   27.21.14.5167
Initialize mono
Mono path[0] = 'D:/Programs/Unity/2020.2.0f1/Editor/Data/Managed'
Mono path[1] = 'D:/Programs/Unity/2020.2.0f1/Editor/Data/MonoBleedingEdge/lib/mono/unityjit'
Mono config path = 'D:/Programs/Unity/2020.2.0f1/Editor/Data/MonoBleedingEdge/etc'
Using monoOptions --debugger-agent=transport=dt_socket,embedding=1,server=y,suspend=n,address=127.0.0.1:56452
Begin MonoManager ReloadAssembly
Registering precompiled unity dll's ...
Register platform support module: D:/Programs/Unity/2020.2.0f1/Editor/Data/PlaybackEngines/WebGLSupport/UnityEditor.WebGL.Extensions.dll
Register platform support module: D:/Programs/Unity/2020.2.0f1/Editor/Data/PlaybackEngines/WindowsStandaloneSupport/UnityEditor.WindowsStandalone.Extensions.dll
Registered in 0.003711 seconds.
Native extension for WindowsStandalone target not found
Native extension for WebGL target not found
Refreshing native plugins compatible for Editor in 26.08 ms, found 0 plugins.
Preloading 0 native plugins for Editor in 0.00 ms.
Invoked RoslynAnalysisRunner static constructor.
RoslynAnalysisRunner will not be running.
RoslynAnalysisRunner has terminated.
Mono: successfully reloaded assembly
- Completed reload, in  1.160 seconds
Platform modules already initialized, skipping
Registering precompiled user dll's ...
Registered in 0.000940 seconds.
Begin MonoManager ReloadAssembly
Native extension for WindowsStandalone target not found
Native extension for WebGL target not found
Refreshing native plugins compatible for Editor in 0.23 ms, found 0 plugins.
Preloading 0 native plugins for Editor in 0.00 ms.
Invoked RoslynAnalysisRunner static constructor.
RoslynAnalysisRunner will not be running.
RoslynAnalysisRunner has terminated.
Mono: successfully reloaded assembly
- Completed reload, in  0.827 seconds
Platform modules already initialized, skipping
========================================================================
Worker process is ready to serve import requests
Launched and connected shader compiler UnityShaderCompiler.exe after 0.02 seconds
Refreshing native plugins compatible for Editor in 0.22 ms, found 0 plugins.
Preloading 0 native plugins for Editor in 0.00 ms.
Unloading 1442 Unused Serialized files (Serialized files now loaded: 0)
System memory in use before: 71.3 MB.
System memory in use after: 71.4 MB.

Unloading 67 unused Assets to reduce memory usage. Loaded Objects now: 1879.
Total: 1.831400 ms (FindLiveObjects: 0.128200 ms CreateObjectMapping: 0.232800 ms MarkObjects: 1.346700 ms  DeleteObjects: 0.122800 ms)

========================================================================
Received Import Request.
  path: Assets/Meshes/World Map2.fbx
  artifactKey: Guid(7c33d20766dc92c44833d4848550a97d) Importer(815301076,1909f56bfc062723c751e8b465ee728b)
Start importing Assets/Meshes/World Map2.fbx using Guid(7c33d20766dc92c44833d4848550a97d) Importer(815301076,1909f56bfc062723c751e8b465ee728b)  -> (artifact id: '75abd09e247b6cff039c448cab84dc09') in 0.160886 seconds
  Import took 0.163127 seconds .

========================================================================
Received Import Request.
  Time since last request: 50.574058 seconds.
  path: Assets/Meshes/World Map1.fbx
  artifactKey: Guid(cb0a85482be3586469e1430b06cf9839) Importer(815301076,1909f56bfc062723c751e8b465ee728b)
Start importing Assets/Meshes/World Map1.fbx using Guid(cb0a85482be3586469e1430b06cf9839) Importer(815301076,1909f56bfc062723c751e8b465ee728b)  -> (artifact id: '493ef8417c188eacded644e1447affc6') in 0.311596 seconds
  Import took 0.313924 seconds .

========================================================================
Received Import Request.
  Time since last request: 114.797468 seconds.
  path: Assets/Textures/World 16KM2 - With road markings.jpg
  artifactKey: Guid(f6248fc606be401499b9c07a511af81a) Importer(815301076,1909f56bfc062723c751e8b465ee728b)
Start importing Assets/Textures/World 16KM2 - With road markings.jpg using Guid(f6248fc606be401499b9c07a511af81a) Importer(815301076,1909f56bfc062723c751e8b465ee728b)  -> (artifact id: 'fd06eb427cdf7279925503ca0bdbc097') in 0.064510 seconds
  Import took 0.067701 seconds .

========================================================================
Received Import Request.
  Time since last request: 458.143964 seconds.
  path: Assets/Materials/World 16KM2 - With road markings.mat
  artifactKey: Guid(f5cd7be5d9d38f4479fca46fc982c7c4) Importer(815301076,1909f56bfc062723c751e8b465ee728b)
Start importing Assets/Materials/World 16KM2 - With road markings.mat using Guid(f5cd7be5d9d38f4479fca46fc982c7c4) Importer(815301076,1909f56bfc062723c751e8b465ee728b)  -> (artifact id: 'f93c923bc5b39953ca2e327501c51513') in 0.024551 seconds
  Import took 0.026851 seconds .

========================================================================
Received Prepare
Registering precompiled user dll's ...
Registered in 0.001616 seconds.
Begin MonoManager ReloadAssembly
Native extension for WindowsStandalone target not found
Native extension for WebGL target not found
Refreshing native plugins compatible for Editor in 0.28 ms, found 0 plugins.
Preloading 0 native plugins for Editor in 0.00 ms.
Invoked RoslynAnalysisRunner static constructor.
RoslynAnalysisRunner will not be running.
RoslynAnalysisRunner has terminated.
Mono: successfully reloaded assembly
- Completed reload, in  1.131 seconds
Platform modules already initialized, skipping
Refreshing native plugins compatible for Editor in 0.24 ms, found 0 plugins.
Preloading 0 native plugins for Editor in 0.00 ms.
Unloading 1415 Unused Serialized files (Serialized files now loaded: 0)
System memory in use before: 73.6 MB.
System memory in use after: 73.7 MB.

Unloading 62 unused Assets to reduce memory usage. Loaded Objects now: 1925.
Total: 2.152900 ms (FindLiveObjects: 0.169900 ms CreateObjectMapping: 0.051000 ms MarkObjects: 1.783100 ms  DeleteObjects: 0.147200 ms)

========================================================================
Received Import Request.
  Time since last request: 810.606503 seconds.
  path: Assets/Meshes/Police station.blend
  artifactKey: Guid(67014899561dd8447971058a10d2d55f) Importer(815301076,1909f56bfc062723c751e8b465ee728b)
Start importing Assets/Meshes/Police station.blend using Guid(67014899561dd8447971058a10d2d55f) Importer(815301076,1909f56bfc062723c751e8b465ee728b)  -> (artifact id: '16be613a7d8d3b4e04b7c118c3488da9') in 0.093620 seconds
  Import took 0.095991 seconds .

========================================================================
Received Prepare
Registering precompiled user dll's ...
Registered in 0.000920 seconds.
Begin MonoManager ReloadAssembly
Native extension for WindowsStandalone target not found
Native extension for WebGL target not found
Refreshing native plugins compatible for Editor in 0.21 ms, found 0 plugins.
Preloading 0 native plugins for Editor in 0.00 ms.
Invoked RoslynAnalysisRunner static constructor.
RoslynAnalysisRunner will not be running.
RoslynAnalysisRunner has terminated.
Mono: successfully reloaded assembly
- Completed reload, in  0.877 seconds
Platform modules already initialized, skipping
Refreshing native plugins compatible for Editor in 0.30 ms, found 0 plugins.
Preloading 0 native plugins for Editor in 0.00 ms.
Unloading 1415 Unused Serialized files (Serialized files now loaded: 0)
System memory in use before: 73.8 MB.
System memory in use after: 73.9 MB.

Unloading 62 unused Assets to reduce memory usage. Loaded Objects now: 1928.
Total: 3.268100 ms (FindLiveObjects: 0.971700 ms CreateObjectMapping: 0.101000 ms MarkObjects: 2.052700 ms  DeleteObjects: 0.141500 ms)

========================================================================
Received Prepare
Registering precompiled user dll's ...
Registered in 0.000917 seconds.
Begin MonoManager ReloadAssembly
Native extension for WindowsStandalone target not found
Native extension for WebGL target not found
Refreshing native plugins compatible for Editor in 0.34 ms, found 0 plugins.
Preloading 0 native plugins for Editor in 0.00 ms.
Invoked RoslynAnalysisRunner static constructor.
RoslynAnalysisRunner will not be running.
RoslynAnalysisRunner has terminated.
Mono: successfully reloaded assembly
- Completed reload, in  0.959 seconds
Platform modules already initialized, skipping
Refreshing native plugins compatible for Editor in 0.33 ms, found 0 plugins.
Preloading 0 native plugins for Editor in 0.00 ms.
Unloading 1415 Unused Serialized files (Serialized files now loaded: 0)
System memory in use before: 74.5 MB.
System memory in use after: 74.6 MB.

Unloading 62 unused Assets to reduce memory usage. Loaded Objects now: 1930.
Total: 3.069900 ms (FindLiveObjects: 0.328300 ms CreateObjectMapping: 0.126700 ms MarkObjects: 2.510200 ms  DeleteObjects: 0.103300 ms)

========================================================================
Received Prepare
Registering precompiled user dll's ...
Registered in 0.000881 seconds.
Begin MonoManager ReloadAssembly
Native extension for WindowsStandalone target not found
Native extension for WebGL target not found
Refreshing native plugins compatible for Editor in 0.31 ms, found 0 plugins.
Preloading 0 native plugins for Editor in 0.00 ms.
Invoked RoslynAnalysisRunner static constructor.
RoslynAnalysisRunner will not be running.
RoslynAnalysisRunner has terminated.
Mono: successfully reloaded assembly
- Completed reload, in  0.901 seconds
Platform modules already initialized, skipping
Refreshing native plugins compatible for Editor in 0.19 ms, found 0 plugins.
Preloading 0 native plugins for Editor in 0.00 ms.
Unloading 1415 Unused Serialized files (Serialized files now loaded: 0)
System memory in use before: 74.8 MB.
System memory in use after: 74.9 MB.

Unloading 62 unused Assets to reduce memory usage. Loaded Objects now: 1932.
Total: 1.598000 ms (FindLiveObjects: 0.159500 ms CreateObjectMapping: 0.038000 ms MarkObjects: 1.299200 ms  DeleteObjects: 0.100300 ms)

========================================================================
Received Prepare
Registering precompiled user dll's ...
Registered in 0.001191 seconds.
Begin MonoManager ReloadAssembly
Native extension for WindowsStandalone target not found
Native extension for WebGL target not found
Refreshing native plugins compatible for Editor in 0.21 ms, found 0 plugins.
Preloading 0 native plugins for Editor in 0.00 ms.
Invoked RoslynAnalysisRunner static constructor.
RoslynAnalysisRunner will not be running.
RoslynAnalysisRunner has terminated.
Mono: successfully reloaded assembly
- Completed reload, in  0.958 seconds
Platform modules already initialized, skipping
Refreshing native plugins compatible for Editor in 0.20 ms, found 0 plugins.
Preloading 0 native plugins for Editor in 0.00 ms.
Unloading 1415 Unused Serialized files (Serialized files now loaded: 0)
System memory in use before: 74.4 MB.
System memory in use after: 74.5 MB.

Unloading 62 unused Assets to reduce memory usage. Loaded Objects now: 1934.
Total: 1.592800 ms (FindLiveObjects: 0.137100 ms CreateObjectMapping: 0.035600 ms MarkObjects: 1.326800 ms  DeleteObjects: 0.092400 ms)

========================================================================
Received Prepare
Registering precompiled user dll's ...
Registered in 0.000999 seconds.
Begin MonoManager ReloadAssembly
Native extension for WindowsStandalone target not found
Native extension for WebGL target not found
Refreshing native plugins compatible for Editor in 0.27 ms, found 0 plugins.
Preloading 0 native plugins for Editor in 0.00 ms.
Invoked RoslynAnalysisRunner static constructor.
RoslynAnalysisRunner will not be running.
RoslynAnalysisRunner has terminated.
Mono: successfully reloaded assembly
- Completed reload, in  0.952 seconds
Platform modules already initialized, skipping
Refreshing native plugins compatible for Editor in 0.22 ms, found 0 plugins.
Preloading 0 native plugins for Editor in 0.00 ms.
Unloading 1415 Unused Serialized files (Serialized files now loaded: 0)
System memory in use before: 74.8 MB.
System memory in use after: 74.9 MB.

Unloading 62 unused Assets to reduce memory usage. Loaded Objects now: 1936.
Total: 3.295900 ms (FindLiveObjects: 0.140800 ms CreateObjectMapping: 0.047500 ms MarkObjects: 3.009700 ms  DeleteObjects: 0.096500 ms)

AssetImportWorkerClient::OnTransportError - code=2 error=End of file
